# JRE version: Java(TM) SE Runtime Environment (8.0_101-b13) (build 1.8.0_101-b13)
# Java VM: Java HotSpot(TM) Client VM (25.101-b13 mixed mode windows-x86 )
Heap:
 def new generation   total 4992K, used 129K [0x04400000, 0x04960000, 0x09950000)
  eden space 4480K,   2% used [0x04400000, 0x04420440, 0x04860000)
  from space 512K,   0% used [0x04860000, 0x04860000, 0x048e0000)
  to   space 512K,   0% used [0x048e0000, 0x048e0000, 0x04960000)
 tenured generation   total 10944K, used 4744K [0x09950000, 0x0a400000, 0x14400000)
   the space 10944K,  43% used [0x09950000, 0x09df2320, 0x09df2400, 0x0a400000)
 Metaspace       used 12060K, capacity 12272K, committed 12288K, reserved 12672K
GC Heap History (10 events):
Event: 1.639 GC heap before
{Heap before GC invocations=14 (full 0):
 def new generation   total 4928K, used 4928K [0x04400000, 0x04950000, 0x09950000)
  eden space 4416K, 100% used [0x04400000, 0x04850000, 0x04850000)
  from space 512K, 100% used [0x04850000, 0x048d0000, 0x048d0000)
  to   space 512K,   0% used [0x048d0000, 0x048d0000, 0x04950000)
 tenured generation   total 10944K, used 5048K [0x09950000, 0x0a400000, 0x14400000)
   the space 10944K,  46% used [0x09950000, 0x09e3e3c8, 0x09e3e400, 0x0a400000)
 Metaspace       used 10768K, capacity 10957K, committed 11008K, reserved 11648K
Event: 1.642 GC heap after
Heap after GC invocations=15 (full 0):
 def new generation   total 4928K, used 511K [0x04400000, 0x04950000, 0x09950000)
  eden space 4416K,   0% used [0x04400000, 0x04400000, 0x04850000)
  from space 512K,  99% used [0x048d0000, 0x0494fff8, 0x04950000)
  to   space 512K,   0% used [0x04850000, 0x04850000, 0x048d0000)
 tenured generation   total 10944K, used 5558K [0x09950000, 0x0a400000, 0x14400000)
   the space 10944K,  50% used [0x09950000, 0x09ebdbf0, 0x09ebdc00, 0x0a400000)
 Metaspace       used 10768K, capacity 10957K, committed 11008K, reserved 11648K
}
Event: 1.708 GC heap before
{Heap before GC invocations=15 (full 0):
 def new generation   total 4928K, used 4927K [0x04400000, 0x04950000, 0x09950000)
  eden space 4416K, 100% used [0x04400000, 0x04850000, 0x04850000)
  from space 512K,  99% used [0x048d0000, 0x0494fff8, 0x04950000)
  to   space 512K,   0% used [0x04850000, 0x04850000, 0x048d0000)
 tenured generation   total 10944K, used 5558K [0x09950000, 0x0a400000, 0x14400000)
   the space 10944K,  50% used [0x09950000, 0x09ebdbf0, 0x09ebdc00, 0x0a400000)
 Metaspace       used 11091K, capacity 11277K, committed 11392K, reserved 11648K
Event: 1.710 GC heap after
Heap after GC invocations=16 (full 0):
 def new generation   total 4928K, used 512K [0x04400000, 0x04950000, 0x09950000)
  eden space 4416K,   0% used [0x04400000, 0x04400000, 0x04850000)
  from space 512K, 100% used [0x04850000, 0x048d0000, 0x048d0000)
  to   space 512K,   0% used [0x048d0000, 0x048d0000, 0x04950000)
 tenured generation   total 10944K, used 5991K [0x09950000, 0x0a400000, 0x14400000)
   the space 10944K,  54% used [0x09950000, 0x09f29ff8, 0x09f2a000, 0x0a400000)
 Metaspace       used 11091K, capacity 11277K, committed 11392K, reserved 11648K
}
Event: 1.771 GC heap before
{Heap before GC invocations=16 (full 0):
 def new generation   total 4928K, used 4928K [0x04400000, 0x04950000, 0x09950000)
  eden space 4416K, 100% used [0x04400000, 0x04850000, 0x04850000)
  from space 512K, 100% used [0x04850000, 0x048d0000, 0x048d0000)
  to   space 512K,   0% used [0x048d0000, 0x048d0000, 0x04950000)
 tenured generation   total 10944K, used 5991K [0x09950000, 0x0a400000, 0x14400000)
   the space 10944K,  54% used [0x09950000, 0x09f29ff8, 0x09f2a000, 0x0a400000)
 Metaspace       used 11286K, capacity 11469K, committed 11520K, reserved 11648K
Event: 1.773 GC heap after
Heap after GC invocations=17 (full 0):
 def new generation   total 4928K, used 310K [0x04400000, 0x04950000, 0x09950000)
  eden space 4416K,   0% used [0x04400000, 0x04400000, 0x04850000)
  from space 512K,  60% used [0x048d0000, 0x0491d878, 0x04950000)
  to   space 512K,   0% used [0x04850000, 0x04850000, 0x048d0000)
 tenured generation   total 10944K, used 6062K [0x09950000, 0x0a400000, 0x14400000)
   the space 10944K,  55% used [0x09950000, 0x09f3b960, 0x09f3ba00, 0x0a400000)
 Metaspace       used 11286K, capacity 11469K, committed 11520K, reserved 11648K
}
Event: 1.855 GC heap before
{Heap before GC invocations=17 (full 0):
 def new generation   total 4928K, used 4726K [0x04400000, 0x04950000, 0x09950000)
  eden space 4416K, 100% used [0x04400000, 0x04850000, 0x04850000)
  from space 512K,  60% used [0x048d0000, 0x0491d878, 0x04950000)
  to   space 512K,   0% used [0x04850000, 0x04850000, 0x048d0000)
 tenured generation   total 10944K, used 6062K [0x09950000, 0x0a400000, 0x14400000)
   the space 10944K,  55% used [0x09950000, 0x09f3b960, 0x09f3ba00, 0x0a400000)
 Metaspace       used 11708K, capacity 11922K, committed 12032K, reserved 12672K
Event: 1.857 GC heap after
Heap after GC invocations=18 (full 0):
 def new generation   total 4928K, used 507K [0x04400000, 0x04950000, 0x09950000)
  eden space 4416K,   0% used [0x04400000, 0x04400000, 0x04850000)
  from space 512K,  99% used [0x04850000, 0x048ceeb8, 0x048d0000)
  to   space 512K,   0% used [0x048d0000, 0x048d0000, 0x04950000)
 tenured generation   total 10944K, used 6147K [0x09950000, 0x0a400000, 0x14400000)
   the space 10944K,  56% used [0x09950000, 0x09f50f38, 0x09f51000, 0x0a400000)
 Metaspace       used 11708K, capacity 11922K, committed 12032K, reserved 12672K
}
Event: 354.635 GC heap before
{Heap before GC invocations=18 (full 0):
 def new generation   total 4928K, used 3860K [0x04400000, 0x04950000, 0x09950000)
  eden space 4416K,  75% used [0x04400000, 0x04746498, 0x04850000)
  from space 512K,  99% used [0x04850000, 0x048ceeb8, 0x048d0000)
  to   space 512K,   0% used [0x048d0000, 0x048d0000, 0x04950000)
 tenured generation   total 10944K, used 6147K [0x09950000, 0x0a400000, 0x14400000)
   the space 10944K,  56% used [0x09950000, 0x09f50f38, 0x09f51000, 0x0a400000)
 Metaspace       used 12059K, capacity 12272K, committed 12288K, reserved 12672K
Event: 354.651 GC heap after
Heap after GC invocations=19 (full 1):
 def new generation   total 4992K, used 0K [0x04400000, 0x04960000, 0x09950000)
  eden space 4480K,   0% used [0x04400000, 0x04400000, 0x04860000)
  from space 512K,   0% used [0x04860000, 0x04860000, 0x048e0000)
  to   space 512K,   0% used [0x048e0000, 0x048e0000, 0x04960000)
 tenured generation   total 10944K, used 4744K [0x09950000, 0x0a400000, 0x14400000)
   the space 10944K,  43% used [0x09950000, 0x09df2320, 0x09df2400, 0x0a400000)
 Metaspace       used 12059K, capacity 12272K, committed 12288K, reserved 12672K
}

