# JRE version: Java(TM) SE Runtime Environment (8.0_101-b13) (build 1.8.0_101-b13)
# Java VM: Java HotSpot(TM) Client VM (25.101-b13 mixed mode windows-x86 )
Heap:
 def new generation   total 4992K, used 29K [0x03400000, 0x03960000, 0x08950000)
  eden space 4480K,   0% used [0x03400000, 0x034074d0, 0x03860000)
  from space 512K,   0% used [0x03860000, 0x03860000, 0x038e0000)
  to   space 512K,   0% used [0x038e0000, 0x038e0000, 0x03960000)
 tenured generation   total 10944K, used 4768K [0x08950000, 0x09400000, 0x13400000)
   the space 10944K,  43% used [0x08950000, 0x08df8338, 0x08df8400, 0x09400000)
 Metaspace       used 12058K, capacity 12267K, committed 12288K, reserved 12672K
GC Heap History (10 events):
Event: 2.070 GC heap before
{Heap before GC invocations=14 (full 0):
 def new generation   total 4928K, used 4927K [0x03400000, 0x03950000, 0x08950000)
  eden space 4416K, 100% used [0x03400000, 0x03850000, 0x03850000)
  from space 512K,  99% used [0x03850000, 0x038cfff0, 0x038d0000)
  to   space 512K,   0% used [0x038d0000, 0x038d0000, 0x03950000)
 tenured generation   total 10944K, used 5043K [0x08950000, 0x09400000, 0x13400000)
   the space 10944K,  46% used [0x08950000, 0x08e3ce80, 0x08e3d000, 0x09400000)
 Metaspace       used 10757K, capacity 10957K, committed 11008K, reserved 11648K
Event: 2.073 GC heap after
Heap after GC invocations=15 (full 0):
 def new generation   total 4928K, used 512K [0x03400000, 0x03950000, 0x08950000)
  eden space 4416K,   0% used [0x03400000, 0x03400000, 0x03850000)
  from space 512K, 100% used [0x038d0000, 0x03950000, 0x03950000)
  to   space 512K,   0% used [0x03850000, 0x03850000, 0x038d0000)
 tenured generation   total 10944K, used 5556K [0x08950000, 0x09400000, 0x13400000)
   the space 10944K,  50% used [0x08950000, 0x08ebd040, 0x08ebd200, 0x09400000)
 Metaspace       used 10757K, capacity 10957K, committed 11008K, reserved 11648K
}
Event: 2.137 GC heap before
{Heap before GC invocations=15 (full 0):
 def new generation   total 4928K, used 4928K [0x03400000, 0x03950000, 0x08950000)
  eden space 4416K, 100% used [0x03400000, 0x03850000, 0x03850000)
  from space 512K, 100% used [0x038d0000, 0x03950000, 0x03950000)
  to   space 512K,   0% used [0x03850000, 0x03850000, 0x038d0000)
 tenured generation   total 10944K, used 5556K [0x08950000, 0x09400000, 0x13400000)
   the space 10944K,  50% used [0x08950000, 0x08ebd040, 0x08ebd200, 0x09400000)
 Metaspace       used 11080K, capacity 11277K, committed 11392K, reserved 11648K
Event: 2.140 GC heap after
Heap after GC invocations=16 (full 0):
 def new generation   total 4928K, used 511K [0x03400000, 0x03950000, 0x08950000)
  eden space 4416K,   0% used [0x03400000, 0x03400000, 0x03850000)
  from space 512K,  99% used [0x03850000, 0x038cfff8, 0x038d0000)
  to   space 512K,   0% used [0x038d0000, 0x038d0000, 0x03950000)
 tenured generation   total 10944K, used 5992K [0x08950000, 0x09400000, 0x13400000)
   the space 10944K,  54% used [0x08950000, 0x08f2a198, 0x08f2a200, 0x09400000)
 Metaspace       used 11080K, capacity 11277K, committed 11392K, reserved 11648K
}
Event: 2.200 GC heap before
{Heap before GC invocations=16 (full 0):
 def new generation   total 4928K, used 4927K [0x03400000, 0x03950000, 0x08950000)
  eden space 4416K, 100% used [0x03400000, 0x03850000, 0x03850000)
  from space 512K,  99% used [0x03850000, 0x038cfff8, 0x038d0000)
  to   space 512K,   0% used [0x038d0000, 0x038d0000, 0x03950000)
 tenured generation   total 10944K, used 5992K [0x08950000, 0x09400000, 0x13400000)
   the space 10944K,  54% used [0x08950000, 0x08f2a198, 0x08f2a200, 0x09400000)
 Metaspace       used 11273K, capacity 11469K, committed 11520K, reserved 11648K
Event: 2.201 GC heap after
Heap after GC invocations=17 (full 0):
 def new generation   total 4928K, used 307K [0x03400000, 0x03950000, 0x08950000)
  eden space 4416K,   0% used [0x03400000, 0x03400000, 0x03850000)
  from space 512K,  60% used [0x038d0000, 0x0391cf28, 0x03950000)
  to   space 512K,   0% used [0x03850000, 0x03850000, 0x038d0000)
 tenured generation   total 10944K, used 6058K [0x08950000, 0x09400000, 0x13400000)
   the space 10944K,  55% used [0x08950000, 0x08f3ab28, 0x08f3ac00, 0x09400000)
 Metaspace       used 11273K, capacity 11469K, committed 11520K, reserved 11648K
}
Event: 2.287 GC heap before
{Heap before GC invocations=17 (full 0):
 def new generation   total 4928K, used 4723K [0x03400000, 0x03950000, 0x08950000)
  eden space 4416K, 100% used [0x03400000, 0x03850000, 0x03850000)
  from space 512K,  60% used [0x038d0000, 0x0391cf28, 0x03950000)
  to   space 512K,   0% used [0x03850000, 0x03850000, 0x038d0000)
 tenured generation   total 10944K, used 6058K [0x08950000, 0x09400000, 0x13400000)
   the space 10944K,  55% used [0x08950000, 0x08f3ab28, 0x08f3ac00, 0x09400000)
 Metaspace       used 11706K, capacity 11917K, committed 12032K, reserved 12672K
Event: 2.289 GC heap after
Heap after GC invocations=18 (full 0):
 def new generation   total 4928K, used 507K [0x03400000, 0x03950000, 0x08950000)
  eden space 4416K,   0% used [0x03400000, 0x03400000, 0x03850000)
  from space 512K,  99% used [0x03850000, 0x038cecc8, 0x038d0000)
  to   space 512K,   0% used [0x038d0000, 0x038d0000, 0x03950000)
 tenured generation   total 10944K, used 6144K [0x08950000, 0x09400000, 0x13400000)
   the space 10944K,  56% used [0x08950000, 0x08f50318, 0x08f50400, 0x09400000)
 Metaspace       used 11706K, capacity 11917K, committed 12032K, reserved 12672K
}
Event: 219.801 GC heap before
{Heap before GC invocations=18 (full 0):
 def new generation   total 4928K, used 4356K [0x03400000, 0x03950000, 0x08950000)
  eden space 4416K,  87% used [0x03400000, 0x037c25f8, 0x03850000)
  from space 512K,  99% used [0x03850000, 0x038cecc8, 0x038d0000)
  to   space 512K,   0% used [0x038d0000, 0x038d0000, 0x03950000)
 tenured generation   total 10944K, used 6144K [0x08950000, 0x09400000, 0x13400000)
   the space 10944K,  56% used [0x08950000, 0x08f50318, 0x08f50400, 0x09400000)
 Metaspace       used 12058K, capacity 12267K, committed 12288K, reserved 12672K
Event: 219.817 GC heap after
Heap after GC invocations=19 (full 1):
 def new generation   total 4992K, used 0K [0x03400000, 0x03960000, 0x08950000)
  eden space 4480K,   0% used [0x03400000, 0x03400000, 0x03860000)
  from space 512K,   0% used [0x03860000, 0x03860000, 0x038e0000)
  to   space 512K,   0% used [0x038e0000, 0x038e0000, 0x03960000)
 tenured generation   total 10944K, used 4768K [0x08950000, 0x09400000, 0x13400000)
   the space 10944K,  43% used [0x08950000, 0x08df8338, 0x08df8400, 0x09400000)
 Metaspace       used 12058K, capacity 12267K, committed 12288K, reserved 12672K
}

