# JRE version: Java(TM) SE Runtime Environment (8.0_101-b13) (build 1.8.0_101-b13)
# Java VM: Java HotSpot(TM) Client VM (25.101-b13 mixed mode windows-x86 )
Heap:
 def new generation   total 4992K, used 29K [0x04200000, 0x04760000, 0x09750000)
  eden space 4480K,   0% used [0x04200000, 0x04207500, 0x04660000)
  from space 512K,   0% used [0x04660000, 0x04660000, 0x046e0000)
  to   space 512K,   0% used [0x046e0000, 0x046e0000, 0x04760000)
 tenured generation   total 10944K, used 4752K [0x09750000, 0x0a200000, 0x14200000)
   the space 10944K,  43% used [0x09750000, 0x09bf4358, 0x09bf4400, 0x0a200000)
 Metaspace       used 12045K, capacity 12272K, committed 12288K, reserved 12672K
GC Heap History (10 events):
Event: 2.194 GC heap before
{Heap before GC invocations=14 (full 0):
 def new generation   total 4928K, used 4927K [0x04200000, 0x04750000, 0x09750000)
  eden space 4416K, 100% used [0x04200000, 0x04650000, 0x04650000)
  from space 512K,  99% used [0x04650000, 0x046cffa0, 0x046d0000)
  to   space 512K,   0% used [0x046d0000, 0x046d0000, 0x04750000)
 tenured generation   total 10944K, used 5063K [0x09750000, 0x0a200000, 0x14200000)
   the space 10944K,  46% used [0x09750000, 0x09c41ec0, 0x09c42000, 0x0a200000)
 Metaspace       used 10759K, capacity 10957K, committed 11008K, reserved 11648K
Event: 2.197 GC heap after
Heap after GC invocations=15 (full 0):
 def new generation   total 4928K, used 512K [0x04200000, 0x04750000, 0x09750000)
  eden space 4416K,   0% used [0x04200000, 0x04200000, 0x04650000)
  from space 512K, 100% used [0x046d0000, 0x04750000, 0x04750000)
  to   space 512K,   0% used [0x04650000, 0x04650000, 0x046d0000)
 tenured generation   total 10944K, used 5587K [0x09750000, 0x0a200000, 0x14200000)
   the space 10944K,  51% used [0x09750000, 0x09cc4df0, 0x09cc4e00, 0x0a200000)
 Metaspace       used 10759K, capacity 10957K, committed 11008K, reserved 11648K
}
Event: 2.263 GC heap before
{Heap before GC invocations=15 (full 0):
 def new generation   total 4928K, used 4928K [0x04200000, 0x04750000, 0x09750000)
  eden space 4416K, 100% used [0x04200000, 0x04650000, 0x04650000)
  from space 512K, 100% used [0x046d0000, 0x04750000, 0x04750000)
  to   space 512K,   0% used [0x04650000, 0x04650000, 0x046d0000)
 tenured generation   total 10944K, used 5587K [0x09750000, 0x0a200000, 0x14200000)
   the space 10944K,  51% used [0x09750000, 0x09cc4df0, 0x09cc4e00, 0x0a200000)
 Metaspace       used 11081K, capacity 11277K, committed 11392K, reserved 11648K
Event: 2.265 GC heap after
Heap after GC invocations=16 (full 0):
 def new generation   total 4928K, used 512K [0x04200000, 0x04750000, 0x09750000)
  eden space 4416K,   0% used [0x04200000, 0x04200000, 0x04650000)
  from space 512K, 100% used [0x04650000, 0x046d0000, 0x046d0000)
  to   space 512K,   0% used [0x046d0000, 0x046d0000, 0x04750000)
 tenured generation   total 10944K, used 5987K [0x09750000, 0x0a200000, 0x14200000)
   the space 10944K,  54% used [0x09750000, 0x09d28c18, 0x09d28e00, 0x0a200000)
 Metaspace       used 11081K, capacity 11277K, committed 11392K, reserved 11648K
}
Event: 2.323 GC heap before
{Heap before GC invocations=16 (full 0):
 def new generation   total 4928K, used 4928K [0x04200000, 0x04750000, 0x09750000)
  eden space 4416K, 100% used [0x04200000, 0x04650000, 0x04650000)
  from space 512K, 100% used [0x04650000, 0x046d0000, 0x046d0000)
  to   space 512K,   0% used [0x046d0000, 0x046d0000, 0x04750000)
 tenured generation   total 10944K, used 5987K [0x09750000, 0x0a200000, 0x14200000)
   the space 10944K,  54% used [0x09750000, 0x09d28c18, 0x09d28e00, 0x0a200000)
 Metaspace       used 11274K, capacity 11469K, committed 11520K, reserved 11648K
Event: 2.325 GC heap after
Heap after GC invocations=17 (full 0):
 def new generation   total 4928K, used 305K [0x04200000, 0x04750000, 0x09750000)
  eden space 4416K,   0% used [0x04200000, 0x04200000, 0x04650000)
  from space 512K,  59% used [0x046d0000, 0x0471c5c8, 0x04750000)
  to   space 512K,   0% used [0x04650000, 0x04650000, 0x046d0000)
 tenured generation   total 10944K, used 6058K [0x09750000, 0x0a200000, 0x14200000)
   the space 10944K,  55% used [0x09750000, 0x09d3a870, 0x09d3aa00, 0x0a200000)
 Metaspace       used 11274K, capacity 11469K, committed 11520K, reserved 11648K
}
Event: 2.411 GC heap before
{Heap before GC invocations=17 (full 0):
 def new generation   total 4928K, used 4721K [0x04200000, 0x04750000, 0x09750000)
  eden space 4416K, 100% used [0x04200000, 0x04650000, 0x04650000)
  from space 512K,  59% used [0x046d0000, 0x0471c5c8, 0x04750000)
  to   space 512K,   0% used [0x04650000, 0x04650000, 0x046d0000)
 tenured generation   total 10944K, used 6058K [0x09750000, 0x0a200000, 0x14200000)
   the space 10944K,  55% used [0x09750000, 0x09d3a870, 0x09d3aa00, 0x0a200000)
 Metaspace       used 11707K, capacity 11922K, committed 12032K, reserved 12672K
Event: 2.412 GC heap after
Heap after GC invocations=18 (full 0):
 def new generation   total 4928K, used 508K [0x04200000, 0x04750000, 0x09750000)
  eden space 4416K,   0% used [0x04200000, 0x04200000, 0x04650000)
  from space 512K,  99% used [0x04650000, 0x046cf170, 0x046d0000)
  to   space 512K,   0% used [0x046d0000, 0x046d0000, 0x04750000)
 tenured generation   total 10944K, used 6141K [0x09750000, 0x0a200000, 0x14200000)
   the space 10944K,  56% used [0x09750000, 0x09d4f700, 0x09d4f800, 0x0a200000)
 Metaspace       used 11707K, capacity 11922K, committed 12032K, reserved 12672K
}
Event: 776.683 GC heap before
{Heap before GC invocations=18 (full 0):
 def new generation   total 4928K, used 3895K [0x04200000, 0x04750000, 0x09750000)
  eden space 4416K,  76% used [0x04200000, 0x0454eb48, 0x04650000)
  from space 512K,  99% used [0x04650000, 0x046cf170, 0x046d0000)
  to   space 512K,   0% used [0x046d0000, 0x046d0000, 0x04750000)
 tenured generation   total 10944K, used 6141K [0x09750000, 0x0a200000, 0x14200000)
   the space 10944K,  56% used [0x09750000, 0x09d4f700, 0x09d4f800, 0x0a200000)
 Metaspace       used 12045K, capacity 12272K, committed 12288K, reserved 12672K
Event: 776.701 GC heap after
Heap after GC invocations=19 (full 1):
 def new generation   total 4992K, used 0K [0x04200000, 0x04760000, 0x09750000)
  eden space 4480K,   0% used [0x04200000, 0x04200000, 0x04660000)
  from space 512K,   0% used [0x04660000, 0x04660000, 0x046e0000)
  to   space 512K,   0% used [0x046e0000, 0x046e0000, 0x04760000)
 tenured generation   total 10944K, used 4752K [0x09750000, 0x0a200000, 0x14200000)
   the space 10944K,  43% used [0x09750000, 0x09bf4358, 0x09bf4400, 0x0a200000)
 Metaspace       used 12045K, capacity 12272K, committed 12288K, reserved 12672K
}

