# JRE version: Java(TM) SE Runtime Environment (8.0_101-b13) (build 1.8.0_101-b13)
# Java VM: Java HotSpot(TM) Client VM (25.101-b13 mixed mode windows-x86 )
Heap:
 def new generation   total 4928K, used 3945K [0x04400000, 0x04950000, 0x09950000)
  eden space 4416K,  77% used [0x04400000, 0x0475a5b8, 0x04850000)
  from space 512K,  99% used [0x04850000, 0x048cfee8, 0x048d0000)
  to   space 512K,   0% used [0x048d0000, 0x048d0000, 0x04950000)
 tenured generation   total 10944K, used 6118K [0x09950000, 0x0a400000, 0x14400000)
   the space 10944K,  55% used [0x09950000, 0x09f49ac0, 0x09f49c00, 0x0a400000)
 Metaspace       used 12037K, capacity 12275K, committed 12288K, reserved 12672K
GC Heap History (10 events):
Event: 1.309 GC heap before
{Heap before GC invocations=13 (full 0):
 def new generation   total 4928K, used 4927K [0x04400000, 0x04950000, 0x09950000)
  eden space 4416K, 100% used [0x04400000, 0x04850000, 0x04850000)
  from space 512K,  99% used [0x048d0000, 0x0494ff68, 0x04950000)
  to   space 512K,   0% used [0x04850000, 0x04850000, 0x048d0000)
 tenured generation   total 10944K, used 4728K [0x09950000, 0x0a400000, 0x14400000)
   the space 10944K,  43% used [0x09950000, 0x09dee0d8, 0x09dee200, 0x0a400000)
 Metaspace       used 10547K, capacity 10733K, committed 10880K, reserved 11648K
Event: 1.312 GC heap after
Heap after GC invocations=14 (full 0):
 def new generation   total 4928K, used 511K [0x04400000, 0x04950000, 0x09950000)
  eden space 4416K,   0% used [0x04400000, 0x04400000, 0x04850000)
  from space 512K,  99% used [0x04850000, 0x048cfff0, 0x048d0000)
  to   space 512K,   0% used [0x048d0000, 0x048d0000, 0x04950000)
 tenured generation   total 10944K, used 5091K [0x09950000, 0x0a400000, 0x14400000)
   the space 10944K,  46% used [0x09950000, 0x09e48f10, 0x09e49000, 0x0a400000)
 Metaspace       used 10547K, capacity 10733K, committed 10880K, reserved 11648K
}
Event: 1.371 GC heap before
{Heap before GC invocations=14 (full 0):
 def new generation   total 4928K, used 4927K [0x04400000, 0x04950000, 0x09950000)
  eden space 4416K, 100% used [0x04400000, 0x04850000, 0x04850000)
  from space 512K,  99% used [0x04850000, 0x048cfff0, 0x048d0000)
  to   space 512K,   0% used [0x048d0000, 0x048d0000, 0x04950000)
 tenured generation   total 10944K, used 5091K [0x09950000, 0x0a400000, 0x14400000)
   the space 10944K,  46% used [0x09950000, 0x09e48f10, 0x09e49000, 0x0a400000)
 Metaspace       used 10754K, capacity 10925K, committed 11008K, reserved 11648K
Event: 1.374 GC heap after
Heap after GC invocations=15 (full 0):
 def new generation   total 4928K, used 512K [0x04400000, 0x04950000, 0x09950000)
  eden space 4416K,   0% used [0x04400000, 0x04400000, 0x04850000)
  from space 512K, 100% used [0x048d0000, 0x04950000, 0x04950000)
  to   space 512K,   0% used [0x04850000, 0x04850000, 0x048d0000)
 tenured generation   total 10944K, used 5604K [0x09950000, 0x0a400000, 0x14400000)
   the space 10944K,  51% used [0x09950000, 0x09ec9280, 0x09ec9400, 0x0a400000)
 Metaspace       used 10754K, capacity 10925K, committed 11008K, reserved 11648K
}
Event: 1.438 GC heap before
{Heap before GC invocations=15 (full 0):
 def new generation   total 4928K, used 4928K [0x04400000, 0x04950000, 0x09950000)
  eden space 4416K, 100% used [0x04400000, 0x04850000, 0x04850000)
  from space 512K, 100% used [0x048d0000, 0x04950000, 0x04950000)
  to   space 512K,   0% used [0x04850000, 0x04850000, 0x048d0000)
 tenured generation   total 10944K, used 5604K [0x09950000, 0x0a400000, 0x14400000)
   the space 10944K,  51% used [0x09950000, 0x09ec9280, 0x09ec9400, 0x0a400000)
 Metaspace       used 11081K, capacity 11277K, committed 11392K, reserved 11648K
Event: 1.441 GC heap after
Heap after GC invocations=16 (full 0):
 def new generation   total 4928K, used 511K [0x04400000, 0x04950000, 0x09950000)
  eden space 4416K,   0% used [0x04400000, 0x04400000, 0x04850000)
  from space 512K,  99% used [0x04850000, 0x048cffd0, 0x048d0000)
  to   space 512K,   0% used [0x048d0000, 0x048d0000, 0x04950000)
 tenured generation   total 10944K, used 5982K [0x09950000, 0x0a400000, 0x14400000)
   the space 10944K,  54% used [0x09950000, 0x09f278e8, 0x09f27a00, 0x0a400000)
 Metaspace       used 11081K, capacity 11277K, committed 11392K, reserved 11648K
}
Event: 1.498 GC heap before
{Heap before GC invocations=16 (full 0):
 def new generation   total 4928K, used 4927K [0x04400000, 0x04950000, 0x09950000)
  eden space 4416K, 100% used [0x04400000, 0x04850000, 0x04850000)
  from space 512K,  99% used [0x04850000, 0x048cffd0, 0x048d0000)
  to   space 512K,   0% used [0x048d0000, 0x048d0000, 0x04950000)
 tenured generation   total 10944K, used 5982K [0x09950000, 0x0a400000, 0x14400000)
   the space 10944K,  54% used [0x09950000, 0x09f278e8, 0x09f27a00, 0x0a400000)
 Metaspace       used 11272K, capacity 11469K, committed 11520K, reserved 11648K
Event: 1.499 GC heap after
Heap after GC invocations=17 (full 0):
 def new generation   total 4928K, used 289K [0x04400000, 0x04950000, 0x09950000)
  eden space 4416K,   0% used [0x04400000, 0x04400000, 0x04850000)
  from space 512K,  56% used [0x048d0000, 0x04918590, 0x04950000)
  to   space 512K,   0% used [0x04850000, 0x04850000, 0x048d0000)
 tenured generation   total 10944K, used 6051K [0x09950000, 0x0a400000, 0x14400000)
   the space 10944K,  55% used [0x09950000, 0x09f38ec8, 0x09f39000, 0x0a400000)
 Metaspace       used 11272K, capacity 11469K, committed 11520K, reserved 11648K
}
Event: 1.584 GC heap before
{Heap before GC invocations=17 (full 0):
 def new generation   total 4928K, used 4705K [0x04400000, 0x04950000, 0x09950000)
  eden space 4416K, 100% used [0x04400000, 0x04850000, 0x04850000)
  from space 512K,  56% used [0x048d0000, 0x04918590, 0x04950000)
  to   space 512K,   0% used [0x04850000, 0x04850000, 0x048d0000)
 tenured generation   total 10944K, used 6051K [0x09950000, 0x0a400000, 0x14400000)
   the space 10944K,  55% used [0x09950000, 0x09f38ec8, 0x09f39000, 0x0a400000)
 Metaspace       used 11696K, capacity 11893K, committed 12032K, reserved 12672K
Event: 1.586 GC heap after
Heap after GC invocations=18 (full 0):
 def new generation   total 4928K, used 511K [0x04400000, 0x04950000, 0x09950000)
  eden space 4416K,   0% used [0x04400000, 0x04400000, 0x04850000)
  from space 512K,  99% used [0x04850000, 0x048cfee8, 0x048d0000)
  to   space 512K,   0% used [0x048d0000, 0x048d0000, 0x04950000)
 tenured generation   total 10944K, used 6118K [0x09950000, 0x0a400000, 0x14400000)
   the space 10944K,  55% used [0x09950000, 0x09f49ac0, 0x09f49c00, 0x0a400000)
 Metaspace       used 11696K, capacity 11893K, committed 12032K, reserved 12672K
}

